<?xml version='1.0' encoding='utf-8'?>
<testsuite name="cursorcheck" tests="1" failures="1" errors="0" skipped="0"><testcase name="empty-middle-page" classname="cursorcheck"><failure message="successful connector output differs from source oracle">{
  "schema_version": 1,
  "scenario": "empty-middle-page",
  "status": "fail",
  "message": "successful connector output differs from source oracle",
  "adapter": "adapter:WidenAdapter",
  "python": "3.12.10",
  "run_dir": ".",
  "expected_count": 4,
  "observed_count": 2,
  "missing": [
    [
      "delta",
      "2"
    ],
    [
      "gamma",
      "2"
    ]
  ],
  "unexpected": [],
  "worker_exit_code": 0,
  "events": [],
  "duration_seconds": 2.266
}</failure></testcase></testsuite>